2016-08-06 14:46:22 Notice: Notice (8): Undefined variable: bank in [/var/www/html/cakephp/app/View/HomePages/desh_board.ctp, line 21]
Trace:
include - APP/View/HomePages/desh_board.ctp, line 21
View::_evaluate() - CORE/Cake/View/View.php, line 971
View::_render() - CORE/Cake/View/View.php, line 933
View::render() - CORE/Cake/View/View.php, line 473
Controller::render() - CORE/Cake/Controller/Controller.php, line 963
Dispatcher::_invoke() - CORE/Cake/Routing/Dispatcher.php, line 200
Dispatcher::dispatch() - CORE/Cake/Routing/Dispatcher.php, line 167
[main] - APP/webroot/index.php, line 111

2016-08-06 14:46:22 Notice: Notice (8): Undefined variable: bank in [/var/www/html/cakephp/app/View/HomePages/desh_board.ctp, line 26]
Trace:
include - APP/View/HomePages/desh_board.ctp, line 26
View::_evaluate() - CORE/Cake/View/View.php, line 971
View::_render() - CORE/Cake/View/View.php, line 933
View::render() - CORE/Cake/View/View.php, line 473
Controller::render() - CORE/Cake/Controller/Controller.php, line 963
Dispatcher::_invoke() - CORE/Cake/Routing/Dispatcher.php, line 200
Dispatcher::dispatch() - CORE/Cake/Routing/Dispatcher.php, line 167
[main] - APP/webroot/index.php, line 111

2016-08-06 14:46:22 Notice: Notice (8): Undefined variable: bank in [/var/www/html/cakephp/app/View/HomePages/desh_board.ctp, line 27]
Trace:
include - APP/View/HomePages/desh_board.ctp, line 27
View::_evaluate() - CORE/Cake/View/View.php, line 971
View::_render() - CORE/Cake/View/View.php, line 933
View::render() - CORE/Cake/View/View.php, line 473
Controller::render() - CORE/Cake/Controller/Controller.php, line 963
Dispatcher::_invoke() - CORE/Cake/Routing/Dispatcher.php, line 200
Dispatcher::dispatch() - CORE/Cake/Routing/Dispatcher.php, line 167
[main] - APP/webroot/index.php, line 111

2016-08-06 14:46:22 Notice: Notice (8): Undefined index: bankDetails in [/var/www/html/cakephp/app/View/HomePages/desh_board.ctp, line 218]
Trace:
include - APP/View/HomePages/desh_board.ctp, line 218
View::_evaluate() - CORE/Cake/View/View.php, line 971
View::_render() - CORE/Cake/View/View.php, line 933
View::render() - CORE/Cake/View/View.php, line 473
Controller::render() - CORE/Cake/Controller/Controller.php, line 963
Dispatcher::_invoke() - CORE/Cake/Routing/Dispatcher.php, line 200
Dispatcher::dispatch() - CORE/Cake/Routing/Dispatcher.php, line 167
[main] - APP/webroot/index.php, line 111

2016-08-06 14:48:30 Notice: Notice (8): Undefined index: name in [/var/www/html/cakephp/app/View/HomePages/desh_board.ctp, line 22]
Trace:
include - APP/View/HomePages/desh_board.ctp, line 22
View::_evaluate() - CORE/Cake/View/View.php, line 971
View::_render() - CORE/Cake/View/View.php, line 933
View::render() - CORE/Cake/View/View.php, line 473
Controller::render() - CORE/Cake/Controller/Controller.php, line 963
Dispatcher::_invoke() - CORE/Cake/Routing/Dispatcher.php, line 200
Dispatcher::dispatch() - CORE/Cake/Routing/Dispatcher.php, line 167
[main] - APP/webroot/index.php, line 111

2016-08-06 14:48:30 Notice: Notice (8): Undefined index: add in [/var/www/html/cakephp/app/View/HomePages/desh_board.ctp, line 27]
Trace:
include - APP/View/HomePages/desh_board.ctp, line 27
View::_evaluate() - CORE/Cake/View/View.php, line 971
View::_render() - CORE/Cake/View/View.php, line 933
View::render() - CORE/Cake/View/View.php, line 473
Controller::render() - CORE/Cake/Controller/Controller.php, line 963
Dispatcher::_invoke() - CORE/Cake/Routing/Dispatcher.php, line 200
Dispatcher::dispatch() - CORE/Cake/Routing/Dispatcher.php, line 167
[main] - APP/webroot/index.php, line 111

2016-08-06 14:48:30 Notice: Notice (8): Undefined index: city in [/var/www/html/cakephp/app/View/HomePages/desh_board.ctp, line 28]
Trace:
include - APP/View/HomePages/desh_board.ctp, line 28
View::_evaluate() - CORE/Cake/View/View.php, line 971
View::_render() - CORE/Cake/View/View.php, line 933
View::render() - CORE/Cake/View/View.php, line 473
Controller::render() - CORE/Cake/Controller/Controller.php, line 963
Dispatcher::_invoke() - CORE/Cake/Routing/Dispatcher.php, line 200
Dispatcher::dispatch() - CORE/Cake/Routing/Dispatcher.php, line 167
[main] - APP/webroot/index.php, line 111

2016-08-06 14:48:30 Notice: Notice (8): Undefined index: name in [/var/www/html/cakephp/app/View/HomePages/desh_board.ctp, line 22]
Trace:
include - APP/View/HomePages/desh_board.ctp, line 22
View::_evaluate() - CORE/Cake/View/View.php, line 971
View::_render() - CORE/Cake/View/View.php, line 933
View::render() - CORE/Cake/View/View.php, line 473
Controller::render() - CORE/Cake/Controller/Controller.php, line 963
Dispatcher::_invoke() - CORE/Cake/Routing/Dispatcher.php, line 200
Dispatcher::dispatch() - CORE/Cake/Routing/Dispatcher.php, line 167
[main] - APP/webroot/index.php, line 111

2016-08-06 14:48:30 Notice: Notice (8): Undefined index: add in [/var/www/html/cakephp/app/View/HomePages/desh_board.ctp, line 27]
Trace:
include - APP/View/HomePages/desh_board.ctp, line 27
View::_evaluate() - CORE/Cake/View/View.php, line 971
View::_render() - CORE/Cake/View/View.php, line 933
View::render() - CORE/Cake/View/View.php, line 473
Controller::render() - CORE/Cake/Controller/Controller.php, line 963
Dispatcher::_invoke() - CORE/Cake/Routing/Dispatcher.php, line 200
Dispatcher::dispatch() - CORE/Cake/Routing/Dispatcher.php, line 167
[main] - APP/webroot/index.php, line 111

2016-08-06 14:48:30 Notice: Notice (8): Undefined index: city in [/var/www/html/cakephp/app/View/HomePages/desh_board.ctp, line 28]
Trace:
include - APP/View/HomePages/desh_board.ctp, line 28
View::_evaluate() - CORE/Cake/View/View.php, line 971
View::_render() - CORE/Cake/View/View.php, line 933
View::render() - CORE/Cake/View/View.php, line 473
Controller::render() - CORE/Cake/Controller/Controller.php, line 963
Dispatcher::_invoke() - CORE/Cake/Routing/Dispatcher.php, line 200
Dispatcher::dispatch() - CORE/Cake/Routing/Dispatcher.php, line 167
[main] - APP/webroot/index.php, line 111

2016-08-06 14:48:30 Notice: Notice (8): Undefined variable: amounts in [/var/www/html/cakephp/app/View/HomePages/desh_board.ctp, line 87]
Trace:
include - APP/View/HomePages/desh_board.ctp, line 87
View::_evaluate() - CORE/Cake/View/View.php, line 971
View::_render() - CORE/Cake/View/View.php, line 933
View::render() - CORE/Cake/View/View.php, line 473
Controller::render() - CORE/Cake/Controller/Controller.php, line 963
Dispatcher::_invoke() - CORE/Cake/Routing/Dispatcher.php, line 200
Dispatcher::dispatch() - CORE/Cake/Routing/Dispatcher.php, line 167
[main] - APP/webroot/index.php, line 111

2016-08-06 14:48:30 Notice: Notice (8): Undefined variable: amounts in [/var/www/html/cakephp/app/View/HomePages/desh_board.ctp, line 125]
Trace:
include - APP/View/HomePages/desh_board.ctp, line 125
View::_evaluate() - CORE/Cake/View/View.php, line 971
View::_render() - CORE/Cake/View/View.php, line 933
View::render() - CORE/Cake/View/View.php, line 473
Controller::render() - CORE/Cake/Controller/Controller.php, line 963
Dispatcher::_invoke() - CORE/Cake/Routing/Dispatcher.php, line 200
Dispatcher::dispatch() - CORE/Cake/Routing/Dispatcher.php, line 167
[main] - APP/webroot/index.php, line 111

2016-08-06 14:48:30 Notice: Notice (8): Undefined index: bankDetails in [/var/www/html/cakephp/app/View/HomePages/desh_board.ctp, line 220]
Trace:
include - APP/View/HomePages/desh_board.ctp, line 220
View::_evaluate() - CORE/Cake/View/View.php, line 971
View::_render() - CORE/Cake/View/View.php, line 933
View::render() - CORE/Cake/View/View.php, line 473
Controller::render() - CORE/Cake/Controller/Controller.php, line 963
Dispatcher::_invoke() - CORE/Cake/Routing/Dispatcher.php, line 200
Dispatcher::dispatch() - CORE/Cake/Routing/Dispatcher.php, line 167
[main] - APP/webroot/index.php, line 111

2016-08-06 14:51:50 Notice: Notice (8): Undefined index: User in [/var/www/html/cakephp/app/Controller/HomePagesController.php, line 54]
Trace:
HomePagesController::registration() - APP/Controller/HomePagesController.php, line 54
ReflectionMethod::invokeArgs() - [internal], line ??
Controller::invokeAction() - CORE/Cake/Controller/Controller.php, line 491
Dispatcher::_invoke() - CORE/Cake/Routing/Dispatcher.php, line 193
Dispatcher::dispatch() - CORE/Cake/Routing/Dispatcher.php, line 167
[main] - APP/webroot/index.php, line 111

2016-08-06 14:53:10 Notice: Notice (8): Undefined index: User in [/var/www/html/cakephp/app/Controller/HomePagesController.php, line 52]
Trace:
HomePagesController::registration() - APP/Controller/HomePagesController.php, line 52
ReflectionMethod::invokeArgs() - [internal], line ??
Controller::invokeAction() - CORE/Cake/Controller/Controller.php, line 491
Dispatcher::_invoke() - CORE/Cake/Routing/Dispatcher.php, line 193
Dispatcher::dispatch() - CORE/Cake/Routing/Dispatcher.php, line 167
[main] - APP/webroot/index.php, line 111

