2016-08-05 02:20:26 Error: [MissingConnectionException] Database connection "Mysql" is missing, or could not be created.
Exception Attributes: array (
  'class' => 'Mysql',
  'message' => 'SQLSTATE[42000] [1049] Unknown database \'practic\'',
  'enabled' => true,
)
Request URL: /cakephp/home_pages/logins/
Stack Trace:
#0 /var/www/html/cakephp/lib/Cake/Model/Datasource/DboSource.php(260): Mysql->connect()
#1 /var/www/html/cakephp/lib/Cake/Model/ConnectionManager.php(105): DboSource->__construct(Array)
#2 /var/www/html/cakephp/lib/Cake/Model/Model.php(3626): ConnectionManager::getDataSource('default')
#3 /var/www/html/cakephp/lib/Cake/Model/Model.php(1155): Model->setDataSource('default')
#4 /var/www/html/cakephp/lib/Cake/Model/Model.php(3653): Model->setSource('users')
#5 /var/www/html/cakephp/lib/Cake/Model/Model.php(3031): Model->getDataSource()
#6 /var/www/html/cakephp/lib/Cake/Model/Model.php(3003): Model->_readDataSource('first', Array)
#7 /var/www/html/cakephp/app/Controller/HomePagesController.php(68): Model->find('first', Array)
#8 [internal function]: HomePagesController->logins()
#9 /var/www/html/cakephp/lib/Cake/Controller/Controller.php(491): ReflectionMethod->invokeArgs(Object(HomePagesController), Array)
#10 /var/www/html/cakephp/lib/Cake/Routing/Dispatcher.php(193): Controller->invokeAction(Object(CakeRequest))
#11 /var/www/html/cakephp/lib/Cake/Routing/Dispatcher.php(167): Dispatcher->_invoke(Object(HomePagesController), Object(CakeRequest))
#12 /var/www/html/cakephp/app/webroot/index.php(111): Dispatcher->dispatch(Object(CakeRequest), Object(CakeResponse))
#13 {main}
2016-08-05 02:24:48 Error: [MissingTableException] Table users for model User was not found in datasource default.
Exception Attributes: array (
  'table' => 'users',
  'class' => 'User',
  'ds' => 'default',
)
Request URL: /cakephp/home_pages/logins/
Stack Trace:
#0 /var/www/html/cakephp/lib/Cake/Model/Model.php(3653): Model->setSource('users')
#1 /var/www/html/cakephp/lib/Cake/Model/Model.php(3031): Model->getDataSource()
#2 /var/www/html/cakephp/lib/Cake/Model/Model.php(3003): Model->_readDataSource('first', Array)
#3 /var/www/html/cakephp/app/Controller/HomePagesController.php(68): Model->find('first', Array)
#4 [internal function]: HomePagesController->logins()
#5 /var/www/html/cakephp/lib/Cake/Controller/Controller.php(491): ReflectionMethod->invokeArgs(Object(HomePagesController), Array)
#6 /var/www/html/cakephp/lib/Cake/Routing/Dispatcher.php(193): Controller->invokeAction(Object(CakeRequest))
#7 /var/www/html/cakephp/lib/Cake/Routing/Dispatcher.php(167): Dispatcher->_invoke(Object(HomePagesController), Object(CakeRequest))
#8 /var/www/html/cakephp/app/webroot/index.php(111): Dispatcher->dispatch(Object(CakeRequest), Object(CakeResponse))
#9 {main}
2016-08-05 02:26:19 Error: [MissingTableException] Table users for model User was not found in datasource default.
Exception Attributes: array (
  'table' => 'users',
  'class' => 'User',
  'ds' => 'default',
)
Request URL: /cakephp/home_pages/registration
Stack Trace:
#0 /var/www/html/cakephp/lib/Cake/Model/Model.php(3653): Model->setSource('users')
#1 /var/www/html/cakephp/lib/Cake/Model/Model.php(3031): Model->getDataSource()
#2 /var/www/html/cakephp/lib/Cake/Model/Model.php(3003): Model->_readDataSource('first', Array)
#3 /var/www/html/cakephp/app/Controller/HomePagesController.php(50): Model->find('first', Array)
#4 [internal function]: HomePagesController->registration()
#5 /var/www/html/cakephp/lib/Cake/Controller/Controller.php(491): ReflectionMethod->invokeArgs(Object(HomePagesController), Array)
#6 /var/www/html/cakephp/lib/Cake/Routing/Dispatcher.php(193): Controller->invokeAction(Object(CakeRequest))
#7 /var/www/html/cakephp/lib/Cake/Routing/Dispatcher.php(167): Dispatcher->_invoke(Object(HomePagesController), Object(CakeRequest))
#8 /var/www/html/cakephp/app/webroot/index.php(111): Dispatcher->dispatch(Object(CakeRequest), Object(CakeResponse))
#9 {main}
2016-08-05 02:26:39 Error: [MissingTableException] Table users for model User was not found in datasource default.
Exception Attributes: array (
  'table' => 'users',
  'class' => 'User',
  'ds' => 'default',
)
Request URL: /cakephp/home_pages/registration
Stack Trace:
#0 /var/www/html/cakephp/lib/Cake/Model/Model.php(3653): Model->setSource('users')
#1 /var/www/html/cakephp/lib/Cake/Model/Model.php(3031): Model->getDataSource()
#2 /var/www/html/cakephp/lib/Cake/Model/Model.php(3003): Model->_readDataSource('first', Array)
#3 /var/www/html/cakephp/app/Controller/HomePagesController.php(50): Model->find('first', Array)
#4 [internal function]: HomePagesController->registration()
#5 /var/www/html/cakephp/lib/Cake/Controller/Controller.php(491): ReflectionMethod->invokeArgs(Object(HomePagesController), Array)
#6 /var/www/html/cakephp/lib/Cake/Routing/Dispatcher.php(193): Controller->invokeAction(Object(CakeRequest))
#7 /var/www/html/cakephp/lib/Cake/Routing/Dispatcher.php(167): Dispatcher->_invoke(Object(HomePagesController), Object(CakeRequest))
#8 /var/www/html/cakephp/app/webroot/index.php(111): Dispatcher->dispatch(Object(CakeRequest), Object(CakeResponse))
#9 {main}
2016-08-05 02:28:18 Error: [MissingTableException] Table users for model User was not found in datasource default.
Exception Attributes: array (
  'table' => 'users',
  'class' => 'User',
  'ds' => 'default',
)
Request URL: /cakephp/home_pages/registration
Stack Trace:
#0 /var/www/html/cakephp/lib/Cake/Model/Model.php(3653): Model->setSource('users')
#1 /var/www/html/cakephp/lib/Cake/Model/Model.php(3031): Model->getDataSource()
#2 /var/www/html/cakephp/lib/Cake/Model/Model.php(3003): Model->_readDataSource('first', Array)
#3 /var/www/html/cakephp/app/Controller/HomePagesController.php(49): Model->find('first', Array)
#4 [internal function]: HomePagesController->registration()
#5 /var/www/html/cakephp/lib/Cake/Controller/Controller.php(491): ReflectionMethod->invokeArgs(Object(HomePagesController), Array)
#6 /var/www/html/cakephp/lib/Cake/Routing/Dispatcher.php(193): Controller->invokeAction(Object(CakeRequest))
#7 /var/www/html/cakephp/lib/Cake/Routing/Dispatcher.php(167): Dispatcher->_invoke(Object(HomePagesController), Object(CakeRequest))
#8 /var/www/html/cakephp/app/webroot/index.php(111): Dispatcher->dispatch(Object(CakeRequest), Object(CakeResponse))
#9 {main}
2016-08-05 02:29:50 Error: [MissingTableException] Table amounts for model Amount was not found in datasource default.
Exception Attributes: array (
  'table' => 'amounts',
  'class' => 'Amount',
  'ds' => 'default',
)
Request URL: /cakephp/home_pages/deshBoard
Stack Trace:
#0 /var/www/html/cakephp/lib/Cake/Model/Model.php(3653): Model->setSource('amounts')
#1 /var/www/html/cakephp/lib/Cake/Model/Model.php(3031): Model->getDataSource()
#2 /var/www/html/cakephp/lib/Cake/Model/Model.php(3003): Model->_readDataSource('all', Array)
#3 /var/www/html/cakephp/app/Controller/HomePagesController.php(40): Model->find('all', Array)
#4 [internal function]: HomePagesController->deshBoard()
#5 /var/www/html/cakephp/lib/Cake/Controller/Controller.php(491): ReflectionMethod->invokeArgs(Object(HomePagesController), Array)
#6 /var/www/html/cakephp/lib/Cake/Routing/Dispatcher.php(193): Controller->invokeAction(Object(CakeRequest))
#7 /var/www/html/cakephp/lib/Cake/Routing/Dispatcher.php(167): Dispatcher->_invoke(Object(HomePagesController), Object(CakeRequest))
#8 /var/www/html/cakephp/app/webroot/index.php(111): Dispatcher->dispatch(Object(CakeRequest), Object(CakeResponse))
#9 {main}
2016-08-05 02:33:10 Error: [MissingTableException] Table user_banks for model UserBank was not found in datasource default.
Exception Attributes: array (
  'table' => 'user_banks',
  'class' => 'UserBank',
  'ds' => 'default',
)
Request URL: /cakephp/home_pages/deshBoard
Stack Trace:
#0 /var/www/html/cakephp/lib/Cake/Model/Model.php(3653): Model->setSource('user_banks')
#1 /var/www/html/cakephp/lib/Cake/Model/Model.php(3031): Model->getDataSource()
#2 /var/www/html/cakephp/lib/Cake/Model/Model.php(3003): Model->_readDataSource('all', Array)
#3 /var/www/html/cakephp/app/Controller/HomePagesController.php(41): Model->find('all', Array)
#4 [internal function]: HomePagesController->deshBoard()
#5 /var/www/html/cakephp/lib/Cake/Controller/Controller.php(491): ReflectionMethod->invokeArgs(Object(HomePagesController), Array)
#6 /var/www/html/cakephp/lib/Cake/Routing/Dispatcher.php(193): Controller->invokeAction(Object(CakeRequest))
#7 /var/www/html/cakephp/lib/Cake/Routing/Dispatcher.php(167): Dispatcher->_invoke(Object(HomePagesController), Object(CakeRequest))
#8 /var/www/html/cakephp/app/webroot/index.php(111): Dispatcher->dispatch(Object(CakeRequest), Object(CakeResponse))
#9 {main}
2016-08-05 02:35:47 Error: [PDOException] SQLSTATE[42S22]: Column not found: 1054 Unknown column 'user_id' in 'where clause'
Request URL: /cakephp/home_pages/deshBoard
Stack Trace:
#0 /var/www/html/cakephp/lib/Cake/Model/Datasource/DboSource.php(461): PDOStatement->execute(Array)
#1 /var/www/html/cakephp/lib/Cake/Model/Datasource/DboSource.php(427): DboSource->_execute('SELECT `UserBan...', Array)
#2 /var/www/html/cakephp/lib/Cake/Model/Datasource/DboSource.php(664): DboSource->execute('SELECT `UserBan...', Array, Array)
#3 /var/www/html/cakephp/lib/Cake/Model/Datasource/DboSource.php(1113): DboSource->fetchAll('SELECT `UserBan...', false)
#4 /var/www/html/cakephp/lib/Cake/Model/Model.php(3031): DboSource->read(Object(UserBank), Array)
#5 /var/www/html/cakephp/lib/Cake/Model/Model.php(3003): Model->_readDataSource('all', Array)
#6 /var/www/html/cakephp/app/Controller/HomePagesController.php(41): Model->find('all', Array)
#7 [internal function]: HomePagesController->deshBoard()
#8 /var/www/html/cakephp/lib/Cake/Controller/Controller.php(491): ReflectionMethod->invokeArgs(Object(HomePagesController), Array)
#9 /var/www/html/cakephp/lib/Cake/Routing/Dispatcher.php(193): Controller->invokeAction(Object(CakeRequest))
#10 /var/www/html/cakephp/lib/Cake/Routing/Dispatcher.php(167): Dispatcher->_invoke(Object(HomePagesController), Object(CakeRequest))
#11 /var/www/html/cakephp/app/webroot/index.php(111): Dispatcher->dispatch(Object(CakeRequest), Object(CakeResponse))
#12 {main}
2016-08-05 02:36:25 Error: [MissingControllerException] Controller class ImgController could not be found.
Exception Attributes: array (
  'class' => 'ImgController',
  'plugin' => NULL,
)
Request URL: /cakephp/img/border-bg.jpg
Stack Trace:
#0 /var/www/html/cakephp/app/webroot/index.php(111): Dispatcher->dispatch(Object(CakeRequest), Object(CakeResponse))
#1 {main}
2016-08-05 02:36:42 Error: [MissingControllerException] Controller class ImgController could not be found.
Exception Attributes: array (
  'class' => 'ImgController',
  'plugin' => NULL,
)
Request URL: /cakephp/img/border-bg.jpg
Stack Trace:
#0 /var/www/html/cakephp/app/webroot/index.php(111): Dispatcher->dispatch(Object(CakeRequest), Object(CakeResponse))
#1 {main}
2016-08-05 02:36:44 Error: [MissingControllerException] Controller class ImgController could not be found.
Exception Attributes: array (
  'class' => 'ImgController',
  'plugin' => NULL,
)
Request URL: /cakephp/img/border-bg.jpg
Stack Trace:
#0 /var/www/html/cakephp/app/webroot/index.php(111): Dispatcher->dispatch(Object(CakeRequest), Object(CakeResponse))
#1 {main}
2016-08-05 02:37:02 Error: [MissingControllerException] Controller class ImgController could not be found.
Exception Attributes: array (
  'class' => 'ImgController',
  'plugin' => NULL,
)
Request URL: /cakephp/img/border-bg.jpg
Stack Trace:
#0 /var/www/html/cakephp/app/webroot/index.php(111): Dispatcher->dispatch(Object(CakeRequest), Object(CakeResponse))
#1 {main}
2016-08-05 02:37:04 Error: [MissingControllerException] Controller class ImgController could not be found.
Exception Attributes: array (
  'class' => 'ImgController',
  'plugin' => NULL,
)
Request URL: /cakephp/img/border-bg.jpg
Stack Trace:
#0 /var/www/html/cakephp/app/webroot/index.php(111): Dispatcher->dispatch(Object(CakeRequest), Object(CakeResponse))
#1 {main}
2016-08-05 02:42:21 Error: [MissingControllerException] Controller class ImgController could not be found.
Exception Attributes: array (
  'class' => 'ImgController',
  'plugin' => NULL,
)
Request URL: /cakephp/img/border-bg.jpg
Stack Trace:
#0 /var/www/html/cakephp/app/webroot/index.php(111): Dispatcher->dispatch(Object(CakeRequest), Object(CakeResponse))
#1 {main}
2016-08-05 02:42:39 Error: Fatal Error (4): syntax error, unexpected ';' in [/var/www/html/cakephp/app/Controller/DeshBoardController.php, line 65]
2016-08-05 02:42:39 Error: [FatalErrorException] syntax error, unexpected ';'
Request URL: /cakephp/desh_board/saveBankDetails
Stack Trace:
#0 /var/www/html/cakephp/lib/Cake/Error/ErrorHandler.php(213): ErrorHandler::handleFatalError(4, 'syntax error, u...', '/var/www/html/c...', 65)
#1 [internal function]: ErrorHandler::handleError(4, 'syntax error, u...', '/var/www/html/c...', 65, Array)
#2 /var/www/html/cakephp/lib/Cake/Core/App.php(970): call_user_func('ErrorHandler::h...', 4, 'syntax error, u...', '/var/www/html/c...', 65, Array)
#3 /var/www/html/cakephp/lib/Cake/Core/App.php(943): App::_checkFatalError()
#4 [internal function]: App::shutdown()
#5 {main}
2016-08-05 02:43:00 Error: [PDOException] SQLSTATE[42S22]: Column not found: 1054 Unknown column 'Array' in 'field list'
Request URL: /cakephp/desh_board/saveBankDetails
Stack Trace:
#0 /var/www/html/cakephp/lib/Cake/Model/Datasource/DboSource.php(461): PDOStatement->execute(Array)
#1 /var/www/html/cakephp/lib/Cake/Model/Datasource/DboSource.php(427): DboSource->_execute('UPDATE `practic...', Array)
#2 /var/www/html/cakephp/lib/Cake/Model/Datasource/Database/Mysql.php(415): DboSource->execute('UPDATE `practic...')
#3 /var/www/html/cakephp/lib/Cake/Model/Model.php(2663): Mysql->update(Object(UserBank), Array, NULL, true)
#4 /var/www/html/cakephp/app/Controller/DeshBoardController.php(65): Model->updateAll(Array)
#5 [internal function]: DeshBoardController->saveBankDetails()
#6 /var/www/html/cakephp/lib/Cake/Controller/Controller.php(491): ReflectionMethod->invokeArgs(Object(DeshBoardController), Array)
#7 /var/www/html/cakephp/lib/Cake/Routing/Dispatcher.php(193): Controller->invokeAction(Object(CakeRequest))
#8 /var/www/html/cakephp/lib/Cake/Routing/Dispatcher.php(167): Dispatcher->_invoke(Object(DeshBoardController), Object(CakeRequest))
#9 /var/www/html/cakephp/app/webroot/index.php(111): Dispatcher->dispatch(Object(CakeRequest), Object(CakeResponse))
#10 {main}
2016-08-05 02:43:56 Error: [PDOException] SQLSTATE[42S22]: Column not found: 1054 Unknown column 'Array' in 'field list'
Request URL: /cakephp/desh_board/saveBankDetails
Stack Trace:
#0 /var/www/html/cakephp/lib/Cake/Model/Datasource/DboSource.php(461): PDOStatement->execute(Array)
#1 /var/www/html/cakephp/lib/Cake/Model/Datasource/DboSource.php(427): DboSource->_execute('UPDATE `practic...', Array)
#2 /var/www/html/cakephp/lib/Cake/Model/Datasource/Database/Mysql.php(415): DboSource->execute('UPDATE `practic...')
#3 /var/www/html/cakephp/lib/Cake/Model/Model.php(2663): Mysql->update(Object(UserBank), Array, NULL, true)
#4 /var/www/html/cakephp/app/Controller/DeshBoardController.php(65): Model->updateAll(Array)
#5 [internal function]: DeshBoardController->saveBankDetails()
#6 /var/www/html/cakephp/lib/Cake/Controller/Controller.php(491): ReflectionMethod->invokeArgs(Object(DeshBoardController), Array)
#7 /var/www/html/cakephp/lib/Cake/Routing/Dispatcher.php(193): Controller->invokeAction(Object(CakeRequest))
#8 /var/www/html/cakephp/lib/Cake/Routing/Dispatcher.php(167): Dispatcher->_invoke(Object(DeshBoardController), Object(CakeRequest))
#9 /var/www/html/cakephp/app/webroot/index.php(111): Dispatcher->dispatch(Object(CakeRequest), Object(CakeResponse))
#10 {main}
2016-08-05 02:47:03 Error: [PDOException] SQLSTATE[42S22]: Column not found: 1054 Unknown column 'Array' in 'field list'
Request URL: /cakephp/desh_board/saveBankDetails
Stack Trace:
#0 /var/www/html/cakephp/lib/Cake/Model/Datasource/DboSource.php(461): PDOStatement->execute(Array)
#1 /var/www/html/cakephp/lib/Cake/Model/Datasource/DboSource.php(427): DboSource->_execute('UPDATE `practic...', Array)
#2 /var/www/html/cakephp/lib/Cake/Model/Datasource/Database/Mysql.php(415): DboSource->execute('UPDATE `practic...')
#3 /var/www/html/cakephp/lib/Cake/Model/Model.php(2663): Mysql->update(Object(UserBank), Array, NULL, true)
#4 /var/www/html/cakephp/app/Controller/DeshBoardController.php(65): Model->updateAll(Array)
#5 [internal function]: DeshBoardController->saveBankDetails()
#6 /var/www/html/cakephp/lib/Cake/Controller/Controller.php(491): ReflectionMethod->invokeArgs(Object(DeshBoardController), Array)
#7 /var/www/html/cakephp/lib/Cake/Routing/Dispatcher.php(193): Controller->invokeAction(Object(CakeRequest))
#8 /var/www/html/cakephp/lib/Cake/Routing/Dispatcher.php(167): Dispatcher->_invoke(Object(DeshBoardController), Object(CakeRequest))
#9 /var/www/html/cakephp/app/webroot/index.php(111): Dispatcher->dispatch(Object(CakeRequest), Object(CakeResponse))
#10 {main}
2016-08-05 02:49:34 Error: [PDOException] SQLSTATE[42S22]: Column not found: 1054 Unknown column 'Array' in 'field list'
Request URL: /cakephp/desh_board/saveBankDetails
Stack Trace:
#0 /var/www/html/cakephp/lib/Cake/Model/Datasource/DboSource.php(461): PDOStatement->execute(Array)
#1 /var/www/html/cakephp/lib/Cake/Model/Datasource/DboSource.php(427): DboSource->_execute('UPDATE `practic...', Array)
#2 /var/www/html/cakephp/lib/Cake/Model/Datasource/Database/Mysql.php(415): DboSource->execute('UPDATE `practic...')
#3 /var/www/html/cakephp/lib/Cake/Model/Model.php(2663): Mysql->update(Object(UserBank), Array, NULL, true)
#4 /var/www/html/cakephp/app/Controller/DeshBoardController.php(65): Model->updateAll(Array)
#5 [internal function]: DeshBoardController->saveBankDetails()
#6 /var/www/html/cakephp/lib/Cake/Controller/Controller.php(491): ReflectionMethod->invokeArgs(Object(DeshBoardController), Array)
#7 /var/www/html/cakephp/lib/Cake/Routing/Dispatcher.php(193): Controller->invokeAction(Object(CakeRequest))
#8 /var/www/html/cakephp/lib/Cake/Routing/Dispatcher.php(167): Dispatcher->_invoke(Object(DeshBoardController), Object(CakeRequest))
#9 /var/www/html/cakephp/app/webroot/index.php(111): Dispatcher->dispatch(Object(CakeRequest), Object(CakeResponse))
#10 {main}
2016-08-05 02:50:24 Error: [PDOException] SQLSTATE[42S22]: Column not found: 1054 Unknown column 'Array' in 'field list'
Request URL: /cakephp/desh_board/saveBankDetails
Stack Trace:
#0 /var/www/html/cakephp/lib/Cake/Model/Datasource/DboSource.php(461): PDOStatement->execute(Array)
#1 /var/www/html/cakephp/lib/Cake/Model/Datasource/DboSource.php(427): DboSource->_execute('UPDATE `practic...', Array)
#2 /var/www/html/cakephp/lib/Cake/Model/Datasource/Database/Mysql.php(415): DboSource->execute('UPDATE `practic...')
#3 /var/www/html/cakephp/lib/Cake/Model/Model.php(2663): Mysql->update(Object(UserBank), Array, NULL, true)
#4 /var/www/html/cakephp/app/Controller/DeshBoardController.php(65): Model->updateAll(Array)
#5 [internal function]: DeshBoardController->saveBankDetails()
#6 /var/www/html/cakephp/lib/Cake/Controller/Controller.php(491): ReflectionMethod->invokeArgs(Object(DeshBoardController), Array)
#7 /var/www/html/cakephp/lib/Cake/Routing/Dispatcher.php(193): Controller->invokeAction(Object(CakeRequest))
#8 /var/www/html/cakephp/lib/Cake/Routing/Dispatcher.php(167): Dispatcher->_invoke(Object(DeshBoardController), Object(CakeRequest))
#9 /var/www/html/cakephp/app/webroot/index.php(111): Dispatcher->dispatch(Object(CakeRequest), Object(CakeResponse))
#10 {main}
2016-08-05 02:50:55 Error: [PDOException] SQLSTATE[42S22]: Column not found: 1054 Unknown column 'Array' in 'field list'
Request URL: /cakephp/desh_board/saveBankDetails
Stack Trace:
#0 /var/www/html/cakephp/lib/Cake/Model/Datasource/DboSource.php(461): PDOStatement->execute(Array)
#1 /var/www/html/cakephp/lib/Cake/Model/Datasource/DboSource.php(427): DboSource->_execute('UPDATE `practic...', Array)
#2 /var/www/html/cakephp/lib/Cake/Model/Datasource/Database/Mysql.php(415): DboSource->execute('UPDATE `practic...')
#3 /var/www/html/cakephp/lib/Cake/Model/Model.php(2663): Mysql->update(Object(UserBank), Array, NULL, true)
#4 /var/www/html/cakephp/app/Controller/DeshBoardController.php(65): Model->updateAll(Array)
#5 [internal function]: DeshBoardController->saveBankDetails()
#6 /var/www/html/cakephp/lib/Cake/Controller/Controller.php(491): ReflectionMethod->invokeArgs(Object(DeshBoardController), Array)
#7 /var/www/html/cakephp/lib/Cake/Routing/Dispatcher.php(193): Controller->invokeAction(Object(CakeRequest))
#8 /var/www/html/cakephp/lib/Cake/Routing/Dispatcher.php(167): Dispatcher->_invoke(Object(DeshBoardController), Object(CakeRequest))
#9 /var/www/html/cakephp/app/webroot/index.php(111): Dispatcher->dispatch(Object(CakeRequest), Object(CakeResponse))
#10 {main}
2016-08-05 02:51:57 Error: [PDOException] SQLSTATE[42S22]: Column not found: 1054 Unknown column 'Array' in 'field list'
Request URL: /cakephp/desh_board/saveBankDetails
Stack Trace:
#0 /var/www/html/cakephp/lib/Cake/Model/Datasource/DboSource.php(461): PDOStatement->execute(Array)
#1 /var/www/html/cakephp/lib/Cake/Model/Datasource/DboSource.php(427): DboSource->_execute('UPDATE `practic...', Array)
#2 /var/www/html/cakephp/lib/Cake/Model/Datasource/Database/Mysql.php(415): DboSource->execute('UPDATE `practic...')
#3 /var/www/html/cakephp/lib/Cake/Model/Model.php(2663): Mysql->update(Object(UserBank), Array, NULL, true)
#4 /var/www/html/cakephp/app/Controller/DeshBoardController.php(66): Model->updateAll(Array)
#5 [internal function]: DeshBoardController->saveBankDetails()
#6 /var/www/html/cakephp/lib/Cake/Controller/Controller.php(491): ReflectionMethod->invokeArgs(Object(DeshBoardController), Array)
#7 /var/www/html/cakephp/lib/Cake/Routing/Dispatcher.php(193): Controller->invokeAction(Object(CakeRequest))
#8 /var/www/html/cakephp/lib/Cake/Routing/Dispatcher.php(167): Dispatcher->_invoke(Object(DeshBoardController), Object(CakeRequest))
#9 /var/www/html/cakephp/app/webroot/index.php(111): Dispatcher->dispatch(Object(CakeRequest), Object(CakeResponse))
#10 {main}
2016-08-05 02:52:11 Error: [MissingActionException] Action DeshBoardController::index() could not be found.
Exception Attributes: array (
  'controller' => 'DeshBoardController',
  'action' => 'index',
)
Request URL: /cakephp/desh_board/
Stack Trace:
#0 /var/www/html/cakephp/lib/Cake/Routing/Dispatcher.php(193): Controller->invokeAction(Object(CakeRequest))
#1 /var/www/html/cakephp/lib/Cake/Routing/Dispatcher.php(167): Dispatcher->_invoke(Object(DeshBoardController), Object(CakeRequest))
#2 /var/www/html/cakephp/app/webroot/index.php(111): Dispatcher->dispatch(Object(CakeRequest), Object(CakeResponse))
#3 {main}
2016-08-05 02:52:28 Error: [MissingControllerException] Controller class ImgController could not be found.
Exception Attributes: array (
  'class' => 'ImgController',
  'plugin' => NULL,
)
Request URL: /cakephp/img/border-bg.jpg
Stack Trace:
#0 /var/www/html/cakephp/app/webroot/index.php(111): Dispatcher->dispatch(Object(CakeRequest), Object(CakeResponse))
#1 {main}
2016-08-05 02:52:40 Error: [PDOException] SQLSTATE[42S22]: Column not found: 1054 Unknown column 'Array' in 'field list'
Request URL: /cakephp/desh_board/saveBankDetails
Stack Trace:
#0 /var/www/html/cakephp/lib/Cake/Model/Datasource/DboSource.php(461): PDOStatement->execute(Array)
#1 /var/www/html/cakephp/lib/Cake/Model/Datasource/DboSource.php(427): DboSource->_execute('UPDATE `practic...', Array)
#2 /var/www/html/cakephp/lib/Cake/Model/Datasource/Database/Mysql.php(415): DboSource->execute('UPDATE `practic...')
#3 /var/www/html/cakephp/lib/Cake/Model/Model.php(2663): Mysql->update(Object(UserBank), Array, NULL, true)
#4 /var/www/html/cakephp/app/Controller/DeshBoardController.php(66): Model->updateAll(Array)
#5 [internal function]: DeshBoardController->saveBankDetails()
#6 /var/www/html/cakephp/lib/Cake/Controller/Controller.php(491): ReflectionMethod->invokeArgs(Object(DeshBoardController), Array)
#7 /var/www/html/cakephp/lib/Cake/Routing/Dispatcher.php(193): Controller->invokeAction(Object(CakeRequest))
#8 /var/www/html/cakephp/lib/Cake/Routing/Dispatcher.php(167): Dispatcher->_invoke(Object(DeshBoardController), Object(CakeRequest))
#9 /var/www/html/cakephp/app/webroot/index.php(111): Dispatcher->dispatch(Object(CakeRequest), Object(CakeResponse))
#10 {main}
2016-08-05 02:53:34 Error: [PDOException] SQLSTATE[42S22]: Column not found: 1054 Unknown column 'Array' in 'field list'
Request URL: /cakephp/desh_board/saveBankDetails
Stack Trace:
#0 /var/www/html/cakephp/lib/Cake/Model/Datasource/DboSource.php(461): PDOStatement->execute(Array)
#1 /var/www/html/cakephp/lib/Cake/Model/Datasource/DboSource.php(427): DboSource->_execute('UPDATE `practic...', Array)
#2 /var/www/html/cakephp/lib/Cake/Model/Datasource/Database/Mysql.php(415): DboSource->execute('UPDATE `practic...')
#3 /var/www/html/cakephp/lib/Cake/Model/Model.php(2663): Mysql->update(Object(UserBank), Array, NULL, true)
#4 /var/www/html/cakephp/app/Controller/DeshBoardController.php(67): Model->updateAll(Array)
#5 [internal function]: DeshBoardController->saveBankDetails()
#6 /var/www/html/cakephp/lib/Cake/Controller/Controller.php(491): ReflectionMethod->invokeArgs(Object(DeshBoardController), Array)
#7 /var/www/html/cakephp/lib/Cake/Routing/Dispatcher.php(193): Controller->invokeAction(Object(CakeRequest))
#8 /var/www/html/cakephp/lib/Cake/Routing/Dispatcher.php(167): Dispatcher->_invoke(Object(DeshBoardController), Object(CakeRequest))
#9 /var/www/html/cakephp/app/webroot/index.php(111): Dispatcher->dispatch(Object(CakeRequest), Object(CakeResponse))
#10 {main}
2016-08-05 02:54:47 Error: [PDOException] SQLSTATE[42S22]: Column not found: 1054 Unknown column 'Array' in 'field list'
Request URL: /cakephp/desh_board/saveBankDetails
Stack Trace:
#0 /var/www/html/cakephp/lib/Cake/Model/Datasource/DboSource.php(461): PDOStatement->execute(Array)
#1 /var/www/html/cakephp/lib/Cake/Model/Datasource/DboSource.php(427): DboSource->_execute('UPDATE `practic...', Array)
#2 /var/www/html/cakephp/lib/Cake/Model/Datasource/Database/Mysql.php(415): DboSource->execute('UPDATE `practic...')
#3 /var/www/html/cakephp/lib/Cake/Model/Model.php(2663): Mysql->update(Object(UserBank), Array, NULL, true)
#4 /var/www/html/cakephp/app/Controller/DeshBoardController.php(67): Model->updateAll(Array)
#5 [internal function]: DeshBoardController->saveBankDetails()
#6 /var/www/html/cakephp/lib/Cake/Controller/Controller.php(491): ReflectionMethod->invokeArgs(Object(DeshBoardController), Array)
#7 /var/www/html/cakephp/lib/Cake/Routing/Dispatcher.php(193): Controller->invokeAction(Object(CakeRequest))
#8 /var/www/html/cakephp/lib/Cake/Routing/Dispatcher.php(167): Dispatcher->_invoke(Object(DeshBoardController), Object(CakeRequest))
#9 /var/www/html/cakephp/app/webroot/index.php(111): Dispatcher->dispatch(Object(CakeRequest), Object(CakeResponse))
#10 {main}
2016-08-06 14:29:36 Error: [MissingControllerException] Controller class ImgController could not be found.
Exception Attributes: array (
  'class' => 'ImgController',
  'plugin' => NULL,
)
Request URL: /cakephp/img/border-bg.jpg
Stack Trace:
#0 /var/www/html/cakephp/app/webroot/index.php(111): Dispatcher->dispatch(Object(CakeRequest), Object(CakeResponse))
#1 {main}
2016-08-06 14:32:51 Error: [MissingActionException] Action HomePagesController::adminLogin() could not be found.
Exception Attributes: array (
  'controller' => 'HomePagesController',
  'action' => 'adminLogin',
)
Request URL: /cakephp/home_pages/adminLogin
Stack Trace:
#0 /var/www/html/cakephp/lib/Cake/Routing/Dispatcher.php(193): Controller->invokeAction(Object(CakeRequest))
#1 /var/www/html/cakephp/lib/Cake/Routing/Dispatcher.php(167): Dispatcher->_invoke(Object(HomePagesController), Object(CakeRequest))
#2 /var/www/html/cakephp/app/webroot/index.php(111): Dispatcher->dispatch(Object(CakeRequest), Object(CakeResponse))
#3 {main}
2016-08-06 14:35:33 Error: Fatal Error (1): Call to a member function find() on a non-object in [/var/www/html/cakephp/app/Controller/HomePagesController.php, line 49]
2016-08-06 14:35:33 Error: [FatalErrorException] Call to a member function find() on a non-object
Request URL: /cakephp/home_pages/registration
Stack Trace:
#0 /var/www/html/cakephp/lib/Cake/Error/ErrorHandler.php(213): ErrorHandler::handleFatalError(1, 'Call to a membe...', '/var/www/html/c...', 49)
#1 [internal function]: ErrorHandler::handleError(1, 'Call to a membe...', '/var/www/html/c...', 49, Array)
#2 /var/www/html/cakephp/lib/Cake/Core/App.php(970): call_user_func('ErrorHandler::h...', 1, 'Call to a membe...', '/var/www/html/c...', 49, Array)
#3 /var/www/html/cakephp/lib/Cake/Core/App.php(943): App::_checkFatalError()
#4 [internal function]: App::shutdown()
#5 {main}
2016-08-06 14:36:50 Error: Fatal Error (1): Call to a member function find() on a non-object in [/var/www/html/cakephp/app/Controller/HomePagesController.php, line 49]
2016-08-06 14:36:50 Error: [FatalErrorException] Call to a member function find() on a non-object
Request URL: /cakephp/home_pages/registration
Stack Trace:
#0 /var/www/html/cakephp/lib/Cake/Error/ErrorHandler.php(213): ErrorHandler::handleFatalError(1, 'Call to a membe...', '/var/www/html/c...', 49)
#1 [internal function]: ErrorHandler::handleError(1, 'Call to a membe...', '/var/www/html/c...', 49, Array)
#2 /var/www/html/cakephp/lib/Cake/Core/App.php(970): call_user_func('ErrorHandler::h...', 1, 'Call to a membe...', '/var/www/html/c...', 49, Array)
#3 /var/www/html/cakephp/lib/Cake/Core/App.php(943): App::_checkFatalError()
#4 [internal function]: App::shutdown()
#5 {main}
2016-08-06 14:38:00 Error: Fatal Error (1): Call to a member function find() on a non-object in [/var/www/html/cakephp/app/Controller/HomePagesController.php, line 49]
2016-08-06 14:38:00 Error: [FatalErrorException] Call to a member function find() on a non-object
Request URL: /cakephp/home_pages/registration
Stack Trace:
#0 /var/www/html/cakephp/lib/Cake/Error/ErrorHandler.php(213): ErrorHandler::handleFatalError(1, 'Call to a membe...', '/var/www/html/c...', 49)
#1 [internal function]: ErrorHandler::handleError(1, 'Call to a membe...', '/var/www/html/c...', 49, Array)
#2 /var/www/html/cakephp/lib/Cake/Core/App.php(970): call_user_func('ErrorHandler::h...', 1, 'Call to a membe...', '/var/www/html/c...', 49, Array)
#3 /var/www/html/cakephp/lib/Cake/Core/App.php(943): App::_checkFatalError()
#4 [internal function]: App::shutdown()
#5 {main}
2016-08-06 14:39:00 Error: [PDOException] SQLSTATE[42S22]: Column not found: 1054 Unknown column 'email' in 'where clause'
Request URL: /cakephp/home_pages/registration
Stack Trace:
#0 /var/www/html/cakephp/lib/Cake/Model/Datasource/DboSource.php(461): PDOStatement->execute(Array)
#1 /var/www/html/cakephp/lib/Cake/Model/Datasource/DboSource.php(427): DboSource->_execute('SELECT `HotelDe...', Array)
#2 /var/www/html/cakephp/lib/Cake/Model/Datasource/DboSource.php(664): DboSource->execute('SELECT `HotelDe...', Array, Array)
#3 /var/www/html/cakephp/lib/Cake/Model/Datasource/DboSource.php(1113): DboSource->fetchAll('SELECT `HotelDe...', false)
#4 /var/www/html/cakephp/lib/Cake/Model/Model.php(3031): DboSource->read(Object(AppModel), Array)
#5 /var/www/html/cakephp/lib/Cake/Model/Model.php(3003): Model->_readDataSource('first', Array)
#6 /var/www/html/cakephp/app/Controller/HomePagesController.php(49): Model->find('first', Array)
#7 [internal function]: HomePagesController->registration()
#8 /var/www/html/cakephp/lib/Cake/Controller/Controller.php(491): ReflectionMethod->invokeArgs(Object(HomePagesController), Array)
#9 /var/www/html/cakephp/lib/Cake/Routing/Dispatcher.php(193): Controller->invokeAction(Object(CakeRequest))
#10 /var/www/html/cakephp/lib/Cake/Routing/Dispatcher.php(167): Dispatcher->_invoke(Object(HomePagesController), Object(CakeRequest))
#11 /var/www/html/cakephp/app/webroot/index.php(111): Dispatcher->dispatch(Object(CakeRequest), Object(CakeResponse))
#12 {main}
2016-08-06 14:45:03 Error: [PDOException] SQLSTATE[23000]: Integrity constraint violation: 1062 Duplicate entry '0' for key 'PRIMARY'
Request URL: /cakephp/home_pages/registration
Stack Trace:
#0 /var/www/html/cakephp/lib/Cake/Model/Datasource/DboSource.php(461): PDOStatement->execute(Array)
#1 /var/www/html/cakephp/lib/Cake/Model/Datasource/DboSource.php(427): DboSource->_execute('INSERT INTO `pr...', Array)
#2 /var/www/html/cakephp/lib/Cake/Model/Datasource/DboSource.php(1019): DboSource->execute('INSERT INTO `pr...')
#3 /var/www/html/cakephp/lib/Cake/Model/Model.php(1933): DboSource->create(Object(AppModel), Array, Array)
#4 /var/www/html/cakephp/lib/Cake/Model/Model.php(1751): Model->_doSave(Array, Array)
#5 /var/www/html/cakephp/app/Controller/HomePagesController.php(54): Model->save(Array)
#6 [internal function]: HomePagesController->registration()
#7 /var/www/html/cakephp/lib/Cake/Controller/Controller.php(491): ReflectionMethod->invokeArgs(Object(HomePagesController), Array)
#8 /var/www/html/cakephp/lib/Cake/Routing/Dispatcher.php(193): Controller->invokeAction(Object(CakeRequest))
#9 /var/www/html/cakephp/lib/Cake/Routing/Dispatcher.php(167): Dispatcher->_invoke(Object(HomePagesController), Object(CakeRequest))
#10 /var/www/html/cakephp/app/webroot/index.php(111): Dispatcher->dispatch(Object(CakeRequest), Object(CakeResponse))
#11 {main}
2016-08-06 14:46:09 Error: [MissingControllerException] Controller class ImgController could not be found.
Exception Attributes: array (
  'class' => 'ImgController',
  'plugin' => NULL,
)
Request URL: /cakephp/img/border-bg.jpg
Stack Trace:
#0 /var/www/html/cakephp/app/webroot/index.php(111): Dispatcher->dispatch(Object(CakeRequest), Object(CakeResponse))
#1 {main}
2016-08-06 14:46:24 Error: [MissingControllerException] Controller class ImgController could not be found.
Exception Attributes: array (
  'class' => 'ImgController',
  'plugin' => NULL,
)
Request URL: /cakephp/img/border-bg.jpg
Stack Trace:
#0 /var/www/html/cakephp/app/webroot/index.php(111): Dispatcher->dispatch(Object(CakeRequest), Object(CakeResponse))
#1 {main}
2016-08-06 14:48:30 Warning: Warning (2): Invalid argument supplied for foreach() in [/var/www/html/cakephp/app/View/HomePages/desh_board.ctp, line 87]
Trace:
include - APP/View/HomePages/desh_board.ctp, line 87
View::_evaluate() - CORE/Cake/View/View.php, line 971
View::_render() - CORE/Cake/View/View.php, line 933
View::render() - CORE/Cake/View/View.php, line 473
Controller::render() - CORE/Cake/Controller/Controller.php, line 963
Dispatcher::_invoke() - CORE/Cake/Routing/Dispatcher.php, line 200
Dispatcher::dispatch() - CORE/Cake/Routing/Dispatcher.php, line 167
[main] - APP/webroot/index.php, line 111

2016-08-06 14:48:30 Warning: Warning (2): Invalid argument supplied for foreach() in [/var/www/html/cakephp/app/View/HomePages/desh_board.ctp, line 125]
Trace:
include - APP/View/HomePages/desh_board.ctp, line 125
View::_evaluate() - CORE/Cake/View/View.php, line 971
View::_render() - CORE/Cake/View/View.php, line 933
View::render() - CORE/Cake/View/View.php, line 473
Controller::render() - CORE/Cake/Controller/Controller.php, line 963
Dispatcher::_invoke() - CORE/Cake/Routing/Dispatcher.php, line 200
Dispatcher::dispatch() - CORE/Cake/Routing/Dispatcher.php, line 167
[main] - APP/webroot/index.php, line 111

2016-08-06 14:48:31 Error: [MissingControllerException] Controller class ImgController could not be found.
Exception Attributes: array (
  'class' => 'ImgController',
  'plugin' => NULL,
)
Request URL: /cakephp/img/border-bg.jpg
Stack Trace:
#0 /var/www/html/cakephp/app/webroot/index.php(111): Dispatcher->dispatch(Object(CakeRequest), Object(CakeResponse))
#1 {main}
2016-08-06 14:54:06 Error: [MissingControllerException] Controller class ImgController could not be found.
Exception Attributes: array (
  'class' => 'ImgController',
  'plugin' => NULL,
)
Request URL: /cakephp/img/border-bg.jpg
Stack Trace:
#0 /var/www/html/cakephp/app/webroot/index.php(111): Dispatcher->dispatch(Object(CakeRequest), Object(CakeResponse))
#1 {main}
2016-08-06 14:54:58 Error: [MissingControllerException] Controller class ImgController could not be found.
Exception Attributes: array (
  'class' => 'ImgController',
  'plugin' => NULL,
)
Request URL: /cakephp/img/border-bg.jpg
Stack Trace:
#0 /var/www/html/cakephp/app/webroot/index.php(111): Dispatcher->dispatch(Object(CakeRequest), Object(CakeResponse))
#1 {main}
2016-08-06 14:55:18 Error: [MissingControllerException] Controller class ImgController could not be found.
Exception Attributes: array (
  'class' => 'ImgController',
  'plugin' => NULL,
)
Request URL: /cakephp/img/border-bg.jpg
Stack Trace:
#0 /var/www/html/cakephp/app/webroot/index.php(111): Dispatcher->dispatch(Object(CakeRequest), Object(CakeResponse))
#1 {main}
2016-08-06 14:55:35 Error: [MissingControllerException] Controller class ImgController could not be found.
Exception Attributes: array (
  'class' => 'ImgController',
  'plugin' => NULL,
)
Request URL: /cakephp/img/border-bg.jpg
Stack Trace:
#0 /var/www/html/cakephp/app/webroot/index.php(111): Dispatcher->dispatch(Object(CakeRequest), Object(CakeResponse))
#1 {main}
2016-08-06 14:56:06 Error: [MissingControllerException] Controller class ImgController could not be found.
Exception Attributes: array (
  'class' => 'ImgController',
  'plugin' => NULL,
)
Request URL: /cakephp/img/border-bg.jpg
Stack Trace:
#0 /var/www/html/cakephp/app/webroot/index.php(111): Dispatcher->dispatch(Object(CakeRequest), Object(CakeResponse))
#1 {main}
2016-08-06 14:56:36 Error: [MissingControllerException] Controller class ImgController could not be found.
Exception Attributes: array (
  'class' => 'ImgController',
  'plugin' => NULL,
)
Request URL: /cakephp/img/border-bg.jpg
Stack Trace:
#0 /var/www/html/cakephp/app/webroot/index.php(111): Dispatcher->dispatch(Object(CakeRequest), Object(CakeResponse))
#1 {main}
2016-08-06 14:57:26 Error: [MissingControllerException] Controller class ImgController could not be found.
Exception Attributes: array (
  'class' => 'ImgController',
  'plugin' => NULL,
)
Request URL: /cakephp/img/border-bg.jpg
Stack Trace:
#0 /var/www/html/cakephp/app/webroot/index.php(111): Dispatcher->dispatch(Object(CakeRequest), Object(CakeResponse))
#1 {main}
2016-08-06 14:57:57 Error: [MissingControllerException] Controller class ImgController could not be found.
Exception Attributes: array (
  'class' => 'ImgController',
  'plugin' => NULL,
)
Request URL: /cakephp/img/border-bg.jpg
Stack Trace:
#0 /var/www/html/cakephp/app/webroot/index.php(111): Dispatcher->dispatch(Object(CakeRequest), Object(CakeResponse))
#1 {main}
2016-08-06 14:58:17 Error: [MissingControllerException] Controller class ImgController could not be found.
Exception Attributes: array (
  'class' => 'ImgController',
  'plugin' => NULL,
)
Request URL: /cakephp/img/border-bg.jpg
Stack Trace:
#0 /var/www/html/cakephp/app/webroot/index.php(111): Dispatcher->dispatch(Object(CakeRequest), Object(CakeResponse))
#1 {main}
2016-08-06 14:59:22 Error: [MissingControllerException] Controller class ImgController could not be found.
Exception Attributes: array (
  'class' => 'ImgController',
  'plugin' => NULL,
)
Request URL: /cakephp/img/border-bg.jpg
Stack Trace:
#0 /var/www/html/cakephp/app/webroot/index.php(111): Dispatcher->dispatch(Object(CakeRequest), Object(CakeResponse))
#1 {main}
2016-08-06 14:59:50 Error: [MissingControllerException] Controller class ImgController could not be found.
Exception Attributes: array (
  'class' => 'ImgController',
  'plugin' => NULL,
)
Request URL: /cakephp/img/border-bg.jpg
Stack Trace:
#0 /var/www/html/cakephp/app/webroot/index.php(111): Dispatcher->dispatch(Object(CakeRequest), Object(CakeResponse))
#1 {main}
2016-08-06 15:02:38 Error: [MissingControllerException] Controller class ImgController could not be found.
Exception Attributes: array (
  'class' => 'ImgController',
  'plugin' => NULL,
)
Request URL: /cakephp/img/border-bg.jpg
Stack Trace:
#0 /var/www/html/cakephp/app/webroot/index.php(111): Dispatcher->dispatch(Object(CakeRequest), Object(CakeResponse))
#1 {main}
2016-08-06 15:02:54 Error: [MissingControllerException] Controller class ImgController could not be found.
Exception Attributes: array (
  'class' => 'ImgController',
  'plugin' => NULL,
)
Request URL: /cakephp/img/border-bg.jpg
Stack Trace:
#0 /var/www/html/cakephp/app/webroot/index.php(111): Dispatcher->dispatch(Object(CakeRequest), Object(CakeResponse))
#1 {main}
2016-08-06 15:03:12 Error: [MissingControllerException] Controller class ImgController could not be found.
Exception Attributes: array (
  'class' => 'ImgController',
  'plugin' => NULL,
)
Request URL: /cakephp/img/border-bg.jpg
Stack Trace:
#0 /var/www/html/cakephp/app/webroot/index.php(111): Dispatcher->dispatch(Object(CakeRequest), Object(CakeResponse))
#1 {main}
2016-08-06 15:05:48 Error: [MissingActionException] Action HomePagesController::adminLogin() could not be found.
Exception Attributes: array (
  'controller' => 'HomePagesController',
  'action' => 'adminLogin',
)
Request URL: /cakephp/home_pages/adminLogin
Stack Trace:
#0 /var/www/html/cakephp/lib/Cake/Routing/Dispatcher.php(193): Controller->invokeAction(Object(CakeRequest))
#1 /var/www/html/cakephp/lib/Cake/Routing/Dispatcher.php(167): Dispatcher->_invoke(Object(HomePagesController), Object(CakeRequest))
#2 /var/www/html/cakephp/app/webroot/index.php(111): Dispatcher->dispatch(Object(CakeRequest), Object(CakeResponse))
#3 {main}
2016-08-06 15:06:01 Error: [MissingActionException] Action HomePagesController::adminLogin() could not be found.
Exception Attributes: array (
  'controller' => 'HomePagesController',
  'action' => 'adminLogin',
)
Request URL: /cakephp/home_pages/adminLogin
Stack Trace:
#0 /var/www/html/cakephp/lib/Cake/Routing/Dispatcher.php(193): Controller->invokeAction(Object(CakeRequest))
#1 /var/www/html/cakephp/lib/Cake/Routing/Dispatcher.php(167): Dispatcher->_invoke(Object(HomePagesController), Object(CakeRequest))
#2 /var/www/html/cakephp/app/webroot/index.php(111): Dispatcher->dispatch(Object(CakeRequest), Object(CakeResponse))
#3 {main}
2016-08-06 15:07:10 Error: [MissingControllerException] Controller class ImgController could not be found.
Exception Attributes: array (
  'class' => 'ImgController',
  'plugin' => NULL,
)
Request URL: /cakephp/img/border-bg.jpg
Stack Trace:
#0 /var/www/html/cakephp/app/webroot/index.php(111): Dispatcher->dispatch(Object(CakeRequest), Object(CakeResponse))
#1 {main}
2016-08-06 15:07:17 Error: [MissingControllerException] Controller class ImgController could not be found.
Exception Attributes: array (
  'class' => 'ImgController',
  'plugin' => NULL,
)
Request URL: /cakephp/img/border-bg.jpg
Stack Trace:
#0 /var/www/html/cakephp/app/webroot/index.php(111): Dispatcher->dispatch(Object(CakeRequest), Object(CakeResponse))
#1 {main}
2016-08-06 15:07:36 Error: [MissingControllerException] Controller class ImgController could not be found.
Exception Attributes: array (
  'class' => 'ImgController',
  'plugin' => NULL,
)
Request URL: /cakephp/img/border-bg.jpg
Stack Trace:
#0 /var/www/html/cakephp/app/webroot/index.php(111): Dispatcher->dispatch(Object(CakeRequest), Object(CakeResponse))
#1 {main}
2016-08-06 15:08:01 Error: [MissingControllerException] Controller class ImgController could not be found.
Exception Attributes: array (
  'class' => 'ImgController',
  'plugin' => NULL,
)
Request URL: /cakephp/img/border-bg.jpg
Stack Trace:
#0 /var/www/html/cakephp/app/webroot/index.php(111): Dispatcher->dispatch(Object(CakeRequest), Object(CakeResponse))
#1 {main}
